<?xml version="1.0" encoding="utf-8" standalone="no"?>
<!--This file represents the results of running a test suite-->
<test-results name="C:\Users\djy\Documents\GitHub\AddressBookApp\AddressBookApi\bin\AddressBookApi.dll" total="1" errors="1" failures="0" not-run="0" inconclusive="0" ignored="0" skipped="0" invalid="0" date="2012-12-20" time="14:18:07">
  <environment nunit-version="2.6.2.12296" clr-version="2.0.50727.5466" os-version="Microsoft Windows NT 6.1.7601 Service Pack 1" platform="Win32NT" cwd="C:\Program Files (x86)\NUnit 2.6.2\bin" machine-name="ES-NB-DEV48" user="djy" user-domain="EXILESOFT" />
  <culture-info current-culture="en-US" current-uiculture="en-US" />
  <test-suite type="Assembly" name="C:\Users\djy\Documents\GitHub\AddressBookApp\AddressBookApi\bin\AddressBookApi.dll" executed="True" result="Failure" success="False" time="0.203" asserts="0">
    <results>
      <test-suite type="Namespace" name="AddressBookApi" executed="True" result="Failure" success="False" time="0.176" asserts="0">
        <results>
          <test-suite type="Namespace" name="Tests" executed="True" result="Failure" success="False" time="0.176" asserts="0">
            <results>
              <test-suite type="TestFixture" name="Driver" executed="True" result="Failure" success="False" time="0.174" asserts="0">
                <results>
                  <test-case name="AddressBookApi.Tests.Driver.GoogleSearch" executed="True" result="Error" success="False" time="0.156" asserts="0">
                    <failure>
                      <message><![CDATA[SetUp : OpenQA.Selenium.DriverServiceNotFoundException : The file c:\Users\djy\Documents\GitHub\AddressBookApp\AddressBookApi\UnitTests\chromedriver.exe does not exist. The driver can be downloaded at http://code.google.com/p/chromium/downloads/list
TearDown : System.NullReferenceException : Object reference not set to an instance of an object.]]></message>
                      <stack-trace><![CDATA[at OpenQA.Selenium.DriverService..ctor(String servicePath, Int32 port, String driverServiceExecutableName, Uri driverServiceDownloadUrl)
at OpenQA.Selenium.Chrome.ChromeDriverService..ctor(String executable, Int32 port)
at OpenQA.Selenium.Chrome.ChromeDriver..ctor(String chromeDriverDirectory, ChromeOptions options, TimeSpan commandTimeout)
at AddressBookApi.Tests.Driver.Setup() in c:\Users\djy\Documents\GitHub\AddressBookApp\AddressBookApi\UnitTests\SeleniumUnitTest.cs:line 22
--TearDown
at AddressBookApi.Tests.Driver.Teardown() in c:\Users\djy\Documents\GitHub\AddressBookApp\AddressBookApi\UnitTests\SeleniumUnitTest.cs:line 32
]]></stack-trace>
                    </failure>
                  </test-case>
                </results>
              </test-suite>
            </results>
          </test-suite>
        </results>
      </test-suite>
    </results>
  </test-suite>
</test-results>